

================================================================
== Vitis HLS Report for 'fast_accel'
================================================================
* Date:           Fri Nov 11 19:46:28 2022

* Version:        2021.2 (Build 3367213 on Tue Oct 19 02:48:09 MDT 2021)
* Project:        FAST
* Solution:       solution1 (Vivado IP Flow Target)
* Product family: zynq
* Target device:  xc7z020-clg400-1


================================================================
== Performance Estimates
================================================================
+ Timing: 
    * Summary: 
    +--------+----------+----------+------------+
    |  Clock |  Target  | Estimated| Uncertainty|
    +--------+----------+----------+------------+
    |ap_clk  |  10.00 ns|  7.300 ns|     2.70 ns|
    +--------+----------+----------+------------+

+ Latency: 
    * Summary: 
    +---------+---------+----------+----------+-----+-----+---------+
    |  Latency (cycles) |  Latency (absolute) |  Interval | Pipeline|
    |   min   |   max   |    min   |    max   | min | max |   Type  |
    +---------+---------+----------+----------+-----+-----+---------+
    |        ?|        ?|         ?|         ?|    ?|    ?|       no|
    +---------+---------+----------+----------+-----+-----+---------+

    + Detail: 
        * Instance: 
        +------------------------------------------------+-------------------------------------+---------+---------+----------+----------+-------+-------+---------+
        |                                                |                                     |  Latency (cycles) |  Latency (absolute) |    Interval   | Pipeline|
        |                    Instance                    |                Module               |   min   |   max   |    min   |    max   |  min  |  max  |   Type  |
        +------------------------------------------------+-------------------------------------+---------+---------+----------+----------+-------+-------+---------+
        |grp_fast_accel_Pipeline_VITIS_LOOP_14_1_fu_197  |fast_accel_Pipeline_VITIS_LOOP_14_1  |    16387|    16387|  0.164 ms|  0.164 ms|  16387|  16387|       no|
        |grp_fast_accel_Pipeline_VITIS_LOOP_19_2_fu_231  |fast_accel_Pipeline_VITIS_LOOP_19_2  |        ?|        ?|         ?|         ?|      ?|      ?|       no|
        +------------------------------------------------+-------------------------------------+---------+---------+----------+----------+-------+-------+---------+

        * Loop: 
        N/A



================================================================
== Utilization Estimates
================================================================
* Summary: 
+-----------------+---------+-----+--------+-------+-----+
|       Name      | BRAM_18K| DSP |   FF   |  LUT  | URAM|
+-----------------+---------+-----+--------+-------+-----+
|DSP              |        -|    -|       -|      -|    -|
|Expression       |        -|    -|       -|      -|    -|
|FIFO             |        -|    -|       -|      -|    -|
|Instance         |        2|   32|   28107|  22695|    -|
|Memory           |      216|    -|       0|      0|    0|
|Multiplexer      |        -|    -|       -|   3244|    -|
|Register         |        -|    -|     174|      -|    -|
+-----------------+---------+-----+--------+-------+-----+
|Total            |      218|   32|   28281|  25939|    0|
+-----------------+---------+-----+--------+-------+-----+
|Available        |      280|  220|  106400|  53200|    0|
+-----------------+---------+-----+--------+-------+-----+
|Utilization (%)  |       77|   14|      26|     48|    0|
+-----------------+---------+-----+--------+-------+-----+

+ Detail: 
    * Instance: 
    +------------------------------------------------+-------------------------------------+---------+----+-------+-------+-----+
    |                    Instance                    |                Module               | BRAM_18K| DSP|   FF  |  LUT  | URAM|
    +------------------------------------------------+-------------------------------------+---------+----+-------+-------+-----+
    |control_s_axi_U                                 |control_s_axi                        |        0|   0|    291|    490|    0|
    |grp_fast_accel_Pipeline_VITIS_LOOP_14_1_fu_197  |fast_accel_Pipeline_VITIS_LOOP_14_1  |        0|   0|     78|    184|    0|
    |grp_fast_accel_Pipeline_VITIS_LOOP_19_2_fu_231  |fast_accel_Pipeline_VITIS_LOOP_19_2  |        0|  32|  27190|  21321|    0|
    |gmem_m_axi_U                                    |gmem_m_axi                           |        2|   0|    548|    700|    0|
    +------------------------------------------------+-------------------------------------+---------+----+-------+-------+-----+
    |Total                                           |                                     |        2|  32|  28107|  22695|    0|
    +------------------------------------------------+-------------------------------------+---------+----+-------+-------+-----+

    * DSP: 
    N/A

    * Memory: 
    +------------+-----------------------------+---------+---+----+-----+------+-----+------+-------------+
    |   Memory   |            Module           | BRAM_18K| FF| LUT| URAM| Words| Bits| Banks| W*Bits*Banks|
    +------------+-----------------------------+---------+---+----+-----+------+-----+------+-------------+
    |IMG_V_0_U   |IMG_V_0_RAM_1WNR_AUTO_1R1W   |        8|  0|   0|    0|   607|    8|     1|         4856|
    |IMG_V_1_U   |IMG_V_0_RAM_1WNR_AUTO_1R1W   |        8|  0|   0|    0|   607|    8|     1|         4856|
    |IMG_V_2_U   |IMG_V_0_RAM_1WNR_AUTO_1R1W   |        8|  0|   0|    0|   607|    8|     1|         4856|
    |IMG_V_3_U   |IMG_V_0_RAM_1WNR_AUTO_1R1W   |        8|  0|   0|    0|   607|    8|     1|         4856|
    |IMG_V_4_U   |IMG_V_0_RAM_1WNR_AUTO_1R1W   |        8|  0|   0|    0|   607|    8|     1|         4856|
    |IMG_V_5_U   |IMG_V_0_RAM_1WNR_AUTO_1R1W   |        8|  0|   0|    0|   607|    8|     1|         4856|
    |IMG_V_6_U   |IMG_V_0_RAM_1WNR_AUTO_1R1W   |        8|  0|   0|    0|   607|    8|     1|         4856|
    |IMG_V_7_U   |IMG_V_0_RAM_1WNR_AUTO_1R1W   |        8|  0|   0|    0|   607|    8|     1|         4856|
    |IMG_V_8_U   |IMG_V_0_RAM_1WNR_AUTO_1R1W   |        8|  0|   0|    0|   607|    8|     1|         4856|
    |IMG_V_9_U   |IMG_V_0_RAM_1WNR_AUTO_1R1W   |        8|  0|   0|    0|   607|    8|     1|         4856|
    |IMG_V_10_U  |IMG_V_0_RAM_1WNR_AUTO_1R1W   |        8|  0|   0|    0|   607|    8|     1|         4856|
    |IMG_V_11_U  |IMG_V_0_RAM_1WNR_AUTO_1R1W   |        8|  0|   0|    0|   607|    8|     1|         4856|
    |IMG_V_12_U  |IMG_V_0_RAM_1WNR_AUTO_1R1W   |        8|  0|   0|    0|   607|    8|     1|         4856|
    |IMG_V_13_U  |IMG_V_0_RAM_1WNR_AUTO_1R1W   |        8|  0|   0|    0|   607|    8|     1|         4856|
    |IMG_V_14_U  |IMG_V_0_RAM_1WNR_AUTO_1R1W   |        8|  0|   0|    0|   607|    8|     1|         4856|
    |IMG_V_15_U  |IMG_V_0_RAM_1WNR_AUTO_1R1W   |        8|  0|   0|    0|   607|    8|     1|         4856|
    |IMG_V_16_U  |IMG_V_0_RAM_1WNR_AUTO_1R1W   |        8|  0|   0|    0|   607|    8|     1|         4856|
    |IMG_V_17_U  |IMG_V_0_RAM_1WNR_AUTO_1R1W   |        8|  0|   0|    0|   607|    8|     1|         4856|
    |IMG_V_18_U  |IMG_V_0_RAM_1WNR_AUTO_1R1W   |        8|  0|   0|    0|   607|    8|     1|         4856|
    |IMG_V_19_U  |IMG_V_0_RAM_1WNR_AUTO_1R1W   |        8|  0|   0|    0|   607|    8|     1|         4856|
    |IMG_V_20_U  |IMG_V_0_RAM_1WNR_AUTO_1R1W   |        8|  0|   0|    0|   607|    8|     1|         4856|
    |IMG_V_21_U  |IMG_V_0_RAM_1WNR_AUTO_1R1W   |        8|  0|   0|    0|   607|    8|     1|         4856|
    |IMG_V_22_U  |IMG_V_22_RAM_1WNR_AUTO_1R1W  |        8|  0|   0|    0|   606|    8|     1|         4848|
    |IMG_V_23_U  |IMG_V_22_RAM_1WNR_AUTO_1R1W  |        8|  0|   0|    0|   606|    8|     1|         4848|
    |IMG_V_24_U  |IMG_V_22_RAM_1WNR_AUTO_1R1W  |        8|  0|   0|    0|   606|    8|     1|         4848|
    |IMG_V_25_U  |IMG_V_22_RAM_1WNR_AUTO_1R1W  |        8|  0|   0|    0|   606|    8|     1|         4848|
    |IMG_V_26_U  |IMG_V_22_RAM_1WNR_AUTO_1R1W  |        8|  0|   0|    0|   606|    8|     1|         4848|
    +------------+-----------------------------+---------+---+----+-----+------+-----+------+-------------+
    |Total       |                             |      216|  0|   0|    0| 16384|  216|    27|       131072|
    +------------+-----------------------------+---------+---+----+-----+------+-----+------+-------------+

    * FIFO: 
    N/A

    * Expression: 
    N/A

    * Multiplexer: 
    +-------------------+----+-----------+-----+-----------+
    |        Name       | LUT| Input Size| Bits| Total Bits|
    +-------------------+----+-----------+-----+-----------+
    |IMG_V_0_address0   |  14|          3|   10|         30|
    |IMG_V_0_ce0        |  14|          3|    1|          3|
    |IMG_V_0_ce1        |   9|          2|    1|          2|
    |IMG_V_0_ce2        |   9|          2|    1|          2|
    |IMG_V_0_ce3        |   9|          2|    1|          2|
    |IMG_V_0_ce4        |   9|          2|    1|          2|
    |IMG_V_0_ce5        |   9|          2|    1|          2|
    |IMG_V_0_ce6        |   9|          2|    1|          2|
    |IMG_V_0_ce7        |   9|          2|    1|          2|
    |IMG_V_0_ce8        |   9|          2|    1|          2|
    |IMG_V_0_we0        |   9|          2|    1|          2|
    |IMG_V_10_address0  |  14|          3|   10|         30|
    |IMG_V_10_ce0       |  14|          3|    1|          3|
    |IMG_V_10_ce1       |   9|          2|    1|          2|
    |IMG_V_10_ce2       |   9|          2|    1|          2|
    |IMG_V_10_ce3       |   9|          2|    1|          2|
    |IMG_V_10_ce4       |   9|          2|    1|          2|
    |IMG_V_10_ce5       |   9|          2|    1|          2|
    |IMG_V_10_ce6       |   9|          2|    1|          2|
    |IMG_V_10_ce7       |   9|          2|    1|          2|
    |IMG_V_10_ce8       |   9|          2|    1|          2|
    |IMG_V_10_we0       |   9|          2|    1|          2|
    |IMG_V_11_address0  |  14|          3|   10|         30|
    |IMG_V_11_ce0       |  14|          3|    1|          3|
    |IMG_V_11_ce1       |   9|          2|    1|          2|
    |IMG_V_11_ce2       |   9|          2|    1|          2|
    |IMG_V_11_ce3       |   9|          2|    1|          2|
    |IMG_V_11_ce4       |   9|          2|    1|          2|
    |IMG_V_11_ce5       |   9|          2|    1|          2|
    |IMG_V_11_ce6       |   9|          2|    1|          2|
    |IMG_V_11_ce7       |   9|          2|    1|          2|
    |IMG_V_11_ce8       |   9|          2|    1|          2|
    |IMG_V_11_we0       |   9|          2|    1|          2|
    |IMG_V_12_address0  |  14|          3|   10|         30|
    |IMG_V_12_ce0       |  14|          3|    1|          3|
    |IMG_V_12_ce1       |   9|          2|    1|          2|
    |IMG_V_12_ce2       |   9|          2|    1|          2|
    |IMG_V_12_ce3       |   9|          2|    1|          2|
    |IMG_V_12_ce4       |   9|          2|    1|          2|
    |IMG_V_12_ce5       |   9|          2|    1|          2|
    |IMG_V_12_ce6       |   9|          2|    1|          2|
    |IMG_V_12_ce7       |   9|          2|    1|          2|
    |IMG_V_12_ce8       |   9|          2|    1|          2|
    |IMG_V_12_we0       |   9|          2|    1|          2|
    |IMG_V_13_address0  |  14|          3|   10|         30|
    |IMG_V_13_ce0       |  14|          3|    1|          3|
    |IMG_V_13_ce1       |   9|          2|    1|          2|
    |IMG_V_13_ce2       |   9|          2|    1|          2|
    |IMG_V_13_ce3       |   9|          2|    1|          2|
    |IMG_V_13_ce4       |   9|          2|    1|          2|
    |IMG_V_13_ce5       |   9|          2|    1|          2|
    |IMG_V_13_ce6       |   9|          2|    1|          2|
    |IMG_V_13_ce7       |   9|          2|    1|          2|
    |IMG_V_13_ce8       |   9|          2|    1|          2|
    |IMG_V_13_we0       |   9|          2|    1|          2|
    |IMG_V_14_address0  |  14|          3|   10|         30|
    |IMG_V_14_ce0       |  14|          3|    1|          3|
    |IMG_V_14_ce1       |   9|          2|    1|          2|
    |IMG_V_14_ce2       |   9|          2|    1|          2|
    |IMG_V_14_ce3       |   9|          2|    1|          2|
    |IMG_V_14_ce4       |   9|          2|    1|          2|
    |IMG_V_14_ce5       |   9|          2|    1|          2|
    |IMG_V_14_ce6       |   9|          2|    1|          2|
    |IMG_V_14_ce7       |   9|          2|    1|          2|
    |IMG_V_14_ce8       |   9|          2|    1|          2|
    |IMG_V_14_we0       |   9|          2|    1|          2|
    |IMG_V_15_address0  |  14|          3|   10|         30|
    |IMG_V_15_ce0       |  14|          3|    1|          3|
    |IMG_V_15_ce1       |   9|          2|    1|          2|
    |IMG_V_15_ce2       |   9|          2|    1|          2|
    |IMG_V_15_ce3       |   9|          2|    1|          2|
    |IMG_V_15_ce4       |   9|          2|    1|          2|
    |IMG_V_15_ce5       |   9|          2|    1|          2|
    |IMG_V_15_ce6       |   9|          2|    1|          2|
    |IMG_V_15_ce7       |   9|          2|    1|          2|
    |IMG_V_15_ce8       |   9|          2|    1|          2|
    |IMG_V_15_we0       |   9|          2|    1|          2|
    |IMG_V_16_address0  |  14|          3|   10|         30|
    |IMG_V_16_ce0       |  14|          3|    1|          3|
    |IMG_V_16_ce1       |   9|          2|    1|          2|
    |IMG_V_16_ce2       |   9|          2|    1|          2|
    |IMG_V_16_ce3       |   9|          2|    1|          2|
    |IMG_V_16_ce4       |   9|          2|    1|          2|
    |IMG_V_16_ce5       |   9|          2|    1|          2|
    |IMG_V_16_ce6       |   9|          2|    1|          2|
    |IMG_V_16_ce7       |   9|          2|    1|          2|
    |IMG_V_16_ce8       |   9|          2|    1|          2|
    |IMG_V_16_we0       |   9|          2|    1|          2|
    |IMG_V_17_address0  |  14|          3|   10|         30|
    |IMG_V_17_ce0       |  14|          3|    1|          3|
    |IMG_V_17_ce1       |   9|          2|    1|          2|
    |IMG_V_17_ce2       |   9|          2|    1|          2|
    |IMG_V_17_ce3       |   9|          2|    1|          2|
    |IMG_V_17_ce4       |   9|          2|    1|          2|
    |IMG_V_17_ce5       |   9|          2|    1|          2|
    |IMG_V_17_ce6       |   9|          2|    1|          2|
    |IMG_V_17_ce7       |   9|          2|    1|          2|
    |IMG_V_17_ce8       |   9|          2|    1|          2|
    |IMG_V_17_we0       |   9|          2|    1|          2|
    |IMG_V_18_address0  |  14|          3|   10|         30|
    |IMG_V_18_ce0       |  14|          3|    1|          3|
    |IMG_V_18_ce1       |   9|          2|    1|          2|
    |IMG_V_18_ce2       |   9|          2|    1|          2|
    |IMG_V_18_ce3       |   9|          2|    1|          2|
    |IMG_V_18_ce4       |   9|          2|    1|          2|
    |IMG_V_18_ce5       |   9|          2|    1|          2|
    |IMG_V_18_ce6       |   9|          2|    1|          2|
    |IMG_V_18_ce7       |   9|          2|    1|          2|
    |IMG_V_18_ce8       |   9|          2|    1|          2|
    |IMG_V_18_we0       |   9|          2|    1|          2|
    |IMG_V_19_address0  |  14|          3|   10|         30|
    |IMG_V_19_ce0       |  14|          3|    1|          3|
    |IMG_V_19_ce1       |   9|          2|    1|          2|
    |IMG_V_19_ce2       |   9|          2|    1|          2|
    |IMG_V_19_ce3       |   9|          2|    1|          2|
    |IMG_V_19_ce4       |   9|          2|    1|          2|
    |IMG_V_19_ce5       |   9|          2|    1|          2|
    |IMG_V_19_ce6       |   9|          2|    1|          2|
    |IMG_V_19_ce7       |   9|          2|    1|          2|
    |IMG_V_19_ce8       |   9|          2|    1|          2|
    |IMG_V_19_we0       |   9|          2|    1|          2|
    |IMG_V_1_address0   |  14|          3|   10|         30|
    |IMG_V_1_ce0        |  14|          3|    1|          3|
    |IMG_V_1_ce1        |   9|          2|    1|          2|
    |IMG_V_1_ce2        |   9|          2|    1|          2|
    |IMG_V_1_ce3        |   9|          2|    1|          2|
    |IMG_V_1_ce4        |   9|          2|    1|          2|
    |IMG_V_1_ce5        |   9|          2|    1|          2|
    |IMG_V_1_ce6        |   9|          2|    1|          2|
    |IMG_V_1_ce7        |   9|          2|    1|          2|
    |IMG_V_1_ce8        |   9|          2|    1|          2|
    |IMG_V_1_we0        |   9|          2|    1|          2|
    |IMG_V_20_address0  |  14|          3|   10|         30|
    |IMG_V_20_ce0       |  14|          3|    1|          3|
    |IMG_V_20_ce1       |   9|          2|    1|          2|
    |IMG_V_20_ce2       |   9|          2|    1|          2|
    |IMG_V_20_ce3       |   9|          2|    1|          2|
    |IMG_V_20_ce4       |   9|          2|    1|          2|
    |IMG_V_20_ce5       |   9|          2|    1|          2|
    |IMG_V_20_ce6       |   9|          2|    1|          2|
    |IMG_V_20_ce7       |   9|          2|    1|          2|
    |IMG_V_20_ce8       |   9|          2|    1|          2|
    |IMG_V_20_we0       |   9|          2|    1|          2|
    |IMG_V_21_address0  |  14|          3|   10|         30|
    |IMG_V_21_ce0       |  14|          3|    1|          3|
    |IMG_V_21_ce1       |   9|          2|    1|          2|
    |IMG_V_21_ce2       |   9|          2|    1|          2|
    |IMG_V_21_ce3       |   9|          2|    1|          2|
    |IMG_V_21_ce4       |   9|          2|    1|          2|
    |IMG_V_21_ce5       |   9|          2|    1|          2|
    |IMG_V_21_ce6       |   9|          2|    1|          2|
    |IMG_V_21_ce7       |   9|          2|    1|          2|
    |IMG_V_21_ce8       |   9|          2|    1|          2|
    |IMG_V_21_we0       |   9|          2|    1|          2|
    |IMG_V_22_address0  |  14|          3|   10|         30|
    |IMG_V_22_ce0       |  14|          3|    1|          3|
    |IMG_V_22_ce1       |   9|          2|    1|          2|
    |IMG_V_22_ce2       |   9|          2|    1|          2|
    |IMG_V_22_ce3       |   9|          2|    1|          2|
    |IMG_V_22_ce4       |   9|          2|    1|          2|
    |IMG_V_22_ce5       |   9|          2|    1|          2|
    |IMG_V_22_ce6       |   9|          2|    1|          2|
    |IMG_V_22_ce7       |   9|          2|    1|          2|
    |IMG_V_22_ce8       |   9|          2|    1|          2|
    |IMG_V_22_we0       |   9|          2|    1|          2|
    |IMG_V_23_address0  |  14|          3|   10|         30|
    |IMG_V_23_ce0       |  14|          3|    1|          3|
    |IMG_V_23_ce1       |   9|          2|    1|          2|
    |IMG_V_23_ce2       |   9|          2|    1|          2|
    |IMG_V_23_ce3       |   9|          2|    1|          2|
    |IMG_V_23_ce4       |   9|          2|    1|          2|
    |IMG_V_23_ce5       |   9|          2|    1|          2|
    |IMG_V_23_ce6       |   9|          2|    1|          2|
    |IMG_V_23_ce7       |   9|          2|    1|          2|
    |IMG_V_23_ce8       |   9|          2|    1|          2|
    |IMG_V_23_we0       |   9|          2|    1|          2|
    |IMG_V_24_address0  |  14|          3|   10|         30|
    |IMG_V_24_ce0       |  14|          3|    1|          3|
    |IMG_V_24_ce1       |   9|          2|    1|          2|
    |IMG_V_24_ce2       |   9|          2|    1|          2|
    |IMG_V_24_ce3       |   9|          2|    1|          2|
    |IMG_V_24_ce4       |   9|          2|    1|          2|
    |IMG_V_24_ce5       |   9|          2|    1|          2|
    |IMG_V_24_ce6       |   9|          2|    1|          2|
    |IMG_V_24_ce7       |   9|          2|    1|          2|
    |IMG_V_24_ce8       |   9|          2|    1|          2|
    |IMG_V_24_we0       |   9|          2|    1|          2|
    |IMG_V_25_address0  |  14|          3|   10|         30|
    |IMG_V_25_ce0       |  14|          3|    1|          3|
    |IMG_V_25_ce1       |   9|          2|    1|          2|
    |IMG_V_25_ce2       |   9|          2|    1|          2|
    |IMG_V_25_ce3       |   9|          2|    1|          2|
    |IMG_V_25_ce4       |   9|          2|    1|          2|
    |IMG_V_25_ce5       |   9|          2|    1|          2|
    |IMG_V_25_ce6       |   9|          2|    1|          2|
    |IMG_V_25_ce7       |   9|          2|    1|          2|
    |IMG_V_25_ce8       |   9|          2|    1|          2|
    |IMG_V_25_we0       |   9|          2|    1|          2|
    |IMG_V_26_address0  |  14|          3|   10|         30|
    |IMG_V_26_ce0       |  14|          3|    1|          3|
    |IMG_V_26_ce1       |   9|          2|    1|          2|
    |IMG_V_26_ce2       |   9|          2|    1|          2|
    |IMG_V_26_ce3       |   9|          2|    1|          2|
    |IMG_V_26_ce4       |   9|          2|    1|          2|
    |IMG_V_26_ce5       |   9|          2|    1|          2|
    |IMG_V_26_ce6       |   9|          2|    1|          2|
    |IMG_V_26_ce7       |   9|          2|    1|          2|
    |IMG_V_26_ce8       |   9|          2|    1|          2|
    |IMG_V_26_we0       |   9|          2|    1|          2|
    |IMG_V_2_address0   |  14|          3|   10|         30|
    |IMG_V_2_ce0        |  14|          3|    1|          3|
    |IMG_V_2_ce1        |   9|          2|    1|          2|
    |IMG_V_2_ce2        |   9|          2|    1|          2|
    |IMG_V_2_ce3        |   9|          2|    1|          2|
    |IMG_V_2_ce4        |   9|          2|    1|          2|
    |IMG_V_2_ce5        |   9|          2|    1|          2|
    |IMG_V_2_ce6        |   9|          2|    1|          2|
    |IMG_V_2_ce7        |   9|          2|    1|          2|
    |IMG_V_2_ce8        |   9|          2|    1|          2|
    |IMG_V_2_we0        |   9|          2|    1|          2|
    |IMG_V_3_address0   |  14|          3|   10|         30|
    |IMG_V_3_ce0        |  14|          3|    1|          3|
    |IMG_V_3_ce1        |   9|          2|    1|          2|
    |IMG_V_3_ce2        |   9|          2|    1|          2|
    |IMG_V_3_ce3        |   9|          2|    1|          2|
    |IMG_V_3_ce4        |   9|          2|    1|          2|
    |IMG_V_3_ce5        |   9|          2|    1|          2|
    |IMG_V_3_ce6        |   9|          2|    1|          2|
    |IMG_V_3_ce7        |   9|          2|    1|          2|
    |IMG_V_3_ce8        |   9|          2|    1|          2|
    |IMG_V_3_we0        |   9|          2|    1|          2|
    |IMG_V_4_address0   |  14|          3|   10|         30|
    |IMG_V_4_ce0        |  14|          3|    1|          3|
    |IMG_V_4_ce1        |   9|          2|    1|          2|
    |IMG_V_4_ce2        |   9|          2|    1|          2|
    |IMG_V_4_ce3        |   9|          2|    1|          2|
    |IMG_V_4_ce4        |   9|          2|    1|          2|
    |IMG_V_4_ce5        |   9|          2|    1|          2|
    |IMG_V_4_ce6        |   9|          2|    1|          2|
    |IMG_V_4_ce7        |   9|          2|    1|          2|
    |IMG_V_4_ce8        |   9|          2|    1|          2|
    |IMG_V_4_we0        |   9|          2|    1|          2|
    |IMG_V_5_address0   |  14|          3|   10|         30|
    |IMG_V_5_ce0        |  14|          3|    1|          3|
    |IMG_V_5_ce1        |   9|          2|    1|          2|
    |IMG_V_5_ce2        |   9|          2|    1|          2|
    |IMG_V_5_ce3        |   9|          2|    1|          2|
    |IMG_V_5_ce4        |   9|          2|    1|          2|
    |IMG_V_5_ce5        |   9|          2|    1|          2|
    |IMG_V_5_ce6        |   9|          2|    1|          2|
    |IMG_V_5_ce7        |   9|          2|    1|          2|
    |IMG_V_5_ce8        |   9|          2|    1|          2|
    |IMG_V_5_we0        |   9|          2|    1|          2|
    |IMG_V_6_address0   |  14|          3|   10|         30|
    |IMG_V_6_ce0        |  14|          3|    1|          3|
    |IMG_V_6_ce1        |   9|          2|    1|          2|
    |IMG_V_6_ce2        |   9|          2|    1|          2|
    |IMG_V_6_ce3        |   9|          2|    1|          2|
    |IMG_V_6_ce4        |   9|          2|    1|          2|
    |IMG_V_6_ce5        |   9|          2|    1|          2|
    |IMG_V_6_ce6        |   9|          2|    1|          2|
    |IMG_V_6_ce7        |   9|          2|    1|          2|
    |IMG_V_6_ce8        |   9|          2|    1|          2|
    |IMG_V_6_we0        |   9|          2|    1|          2|
    |IMG_V_7_address0   |  14|          3|   10|         30|
    |IMG_V_7_ce0        |  14|          3|    1|          3|
    |IMG_V_7_ce1        |   9|          2|    1|          2|
    |IMG_V_7_ce2        |   9|          2|    1|          2|
    |IMG_V_7_ce3        |   9|          2|    1|          2|
    |IMG_V_7_ce4        |   9|          2|    1|          2|
    |IMG_V_7_ce5        |   9|          2|    1|          2|
    |IMG_V_7_ce6        |   9|          2|    1|          2|
    |IMG_V_7_ce7        |   9|          2|    1|          2|
    |IMG_V_7_ce8        |   9|          2|    1|          2|
    |IMG_V_7_we0        |   9|          2|    1|          2|
    |IMG_V_8_address0   |  14|          3|   10|         30|
    |IMG_V_8_ce0        |  14|          3|    1|          3|
    |IMG_V_8_ce1        |   9|          2|    1|          2|
    |IMG_V_8_ce2        |   9|          2|    1|          2|
    |IMG_V_8_ce3        |   9|          2|    1|          2|
    |IMG_V_8_ce4        |   9|          2|    1|          2|
    |IMG_V_8_ce5        |   9|          2|    1|          2|
    |IMG_V_8_ce6        |   9|          2|    1|          2|
    |IMG_V_8_ce7        |   9|          2|    1|          2|
    |IMG_V_8_ce8        |   9|          2|    1|          2|
    |IMG_V_8_we0        |   9|          2|    1|          2|
    |IMG_V_9_address0   |  14|          3|   10|         30|
    |IMG_V_9_ce0        |  14|          3|    1|          3|
    |IMG_V_9_ce1        |   9|          2|    1|          2|
    |IMG_V_9_ce2        |   9|          2|    1|          2|
    |IMG_V_9_ce3        |   9|          2|    1|          2|
    |IMG_V_9_ce4        |   9|          2|    1|          2|
    |IMG_V_9_ce5        |   9|          2|    1|          2|
    |IMG_V_9_ce6        |   9|          2|    1|          2|
    |IMG_V_9_ce7        |   9|          2|    1|          2|
    |IMG_V_9_ce8        |   9|          2|    1|          2|
    |IMG_V_9_we0        |   9|          2|    1|          2|
    |ap_NS_fsm          |  65|         13|    1|         13|
    |gmem_ARADDR        |  20|          4|   64|        256|
    |gmem_ARBURST       |  14|          3|    2|          6|
    |gmem_ARCACHE       |  14|          3|    4|         12|
    |gmem_ARID          |  14|          3|    1|          3|
    |gmem_ARLEN         |  20|          4|   32|        128|
    |gmem_ARLOCK        |  14|          3|    2|          6|
    |gmem_ARPROT        |  14|          3|    3|          9|
    |gmem_ARQOS         |  14|          3|    4|         12|
    |gmem_ARREGION      |  14|          3|    4|         12|
    |gmem_ARSIZE        |  14|          3|    3|          9|
    |gmem_ARUSER        |  14|          3|    1|          3|
    |gmem_ARVALID       |  20|          4|    1|          4|
    |gmem_AWVALID       |   9|          2|    1|          2|
    |gmem_BREADY        |   9|          2|    1|          2|
    |gmem_RREADY        |  14|          3|    1|          3|
    |gmem_WVALID        |   9|          2|    1|          2|
    |gmem_blk_n_AR      |   9|          2|    1|          2|
    +-------------------+----+-----------+-----+-----------+
    |Total              |3244|        711|  667|       1861|
    +-------------------+----+-----------+-----+-----------+

    * Register: 
    +-------------------------------------------------------------+----+----+-----+-----------+
    |                             Name                            | FF | LUT| Bits| Const Bits|
    +-------------------------------------------------------------+----+----+-----+-----------+
    |ap_CS_fsm                                                    |  12|   0|   12|          0|
    |grp_fast_accel_Pipeline_VITIS_LOOP_14_1_fu_197_ap_start_reg  |   1|   0|    1|          0|
    |grp_fast_accel_Pipeline_VITIS_LOOP_19_2_fu_231_ap_start_reg  |   1|   0|    1|          0|
    |img_in_read_reg_283                                          |  64|   0|   64|          0|
    |img_out_read_reg_273                                         |  64|   0|   64|          0|
    |threshold_read_reg_278                                       |  32|   0|   32|          0|
    +-------------------------------------------------------------+----+----+-----+-----------+
    |Total                                                        | 174|   0|  174|          0|
    +-------------------------------------------------------------+----+----+-----+-----------+



================================================================
== Interface
================================================================
* Summary: 
+-----------------------+-----+-----+------------+--------------+--------------+
|       RTL Ports       | Dir | Bits|  Protocol  | Source Object|    C Type    |
+-----------------------+-----+-----+------------+--------------+--------------+
|s_axi_control_AWVALID  |   in|    1|       s_axi|       control|        scalar|
|s_axi_control_AWREADY  |  out|    1|       s_axi|       control|        scalar|
|s_axi_control_AWADDR   |   in|    6|       s_axi|       control|        scalar|
|s_axi_control_WVALID   |   in|    1|       s_axi|       control|        scalar|
|s_axi_control_WREADY   |  out|    1|       s_axi|       control|        scalar|
|s_axi_control_WDATA    |   in|   32|       s_axi|       control|        scalar|
|s_axi_control_WSTRB    |   in|    4|       s_axi|       control|        scalar|
|s_axi_control_ARVALID  |   in|    1|       s_axi|       control|        scalar|
|s_axi_control_ARREADY  |  out|    1|       s_axi|       control|        scalar|
|s_axi_control_ARADDR   |   in|    6|       s_axi|       control|        scalar|
|s_axi_control_RVALID   |  out|    1|       s_axi|       control|        scalar|
|s_axi_control_RREADY   |   in|    1|       s_axi|       control|        scalar|
|s_axi_control_RDATA    |  out|   32|       s_axi|       control|        scalar|
|s_axi_control_RRESP    |  out|    2|       s_axi|       control|        scalar|
|s_axi_control_BVALID   |  out|    1|       s_axi|       control|        scalar|
|s_axi_control_BREADY   |   in|    1|       s_axi|       control|        scalar|
|s_axi_control_BRESP    |  out|    2|       s_axi|       control|        scalar|
|ap_local_block         |  out|    1|  ap_ctrl_hs|    fast_accel|  return value|
|ap_clk                 |   in|    1|  ap_ctrl_hs|    fast_accel|  return value|
|ap_rst_n               |   in|    1|  ap_ctrl_hs|    fast_accel|  return value|
|ap_start               |   in|    1|  ap_ctrl_hs|    fast_accel|  return value|
|ap_done                |  out|    1|  ap_ctrl_hs|    fast_accel|  return value|
|ap_idle                |  out|    1|  ap_ctrl_hs|    fast_accel|  return value|
|ap_ready               |  out|    1|  ap_ctrl_hs|    fast_accel|  return value|
|m_axi_gmem_AWVALID     |  out|    1|       m_axi|          gmem|       pointer|
|m_axi_gmem_AWREADY     |   in|    1|       m_axi|          gmem|       pointer|
|m_axi_gmem_AWADDR      |  out|   64|       m_axi|          gmem|       pointer|
|m_axi_gmem_AWID        |  out|    1|       m_axi|          gmem|       pointer|
|m_axi_gmem_AWLEN       |  out|    8|       m_axi|          gmem|       pointer|
|m_axi_gmem_AWSIZE      |  out|    3|       m_axi|          gmem|       pointer|
|m_axi_gmem_AWBURST     |  out|    2|       m_axi|          gmem|       pointer|
|m_axi_gmem_AWLOCK      |  out|    2|       m_axi|          gmem|       pointer|
|m_axi_gmem_AWCACHE     |  out|    4|       m_axi|          gmem|       pointer|
|m_axi_gmem_AWPROT      |  out|    3|       m_axi|          gmem|       pointer|
|m_axi_gmem_AWQOS       |  out|    4|       m_axi|          gmem|       pointer|
|m_axi_gmem_AWREGION    |  out|    4|       m_axi|          gmem|       pointer|
|m_axi_gmem_AWUSER      |  out|    1|       m_axi|          gmem|       pointer|
|m_axi_gmem_WVALID      |  out|    1|       m_axi|          gmem|       pointer|
|m_axi_gmem_WREADY      |   in|    1|       m_axi|          gmem|       pointer|
|m_axi_gmem_WDATA       |  out|   32|       m_axi|          gmem|       pointer|
|m_axi_gmem_WSTRB       |  out|    4|       m_axi|          gmem|       pointer|
|m_axi_gmem_WLAST       |  out|    1|       m_axi|          gmem|       pointer|
|m_axi_gmem_WID         |  out|    1|       m_axi|          gmem|       pointer|
|m_axi_gmem_WUSER       |  out|    1|       m_axi|          gmem|       pointer|
|m_axi_gmem_ARVALID     |  out|    1|       m_axi|          gmem|       pointer|
|m_axi_gmem_ARREADY     |   in|    1|       m_axi|          gmem|       pointer|
|m_axi_gmem_ARADDR      |  out|   64|       m_axi|          gmem|       pointer|
|m_axi_gmem_ARID        |  out|    1|       m_axi|          gmem|       pointer|
|m_axi_gmem_ARLEN       |  out|    8|       m_axi|          gmem|       pointer|
|m_axi_gmem_ARSIZE      |  out|    3|       m_axi|          gmem|       pointer|
|m_axi_gmem_ARBURST     |  out|    2|       m_axi|          gmem|       pointer|
|m_axi_gmem_ARLOCK      |  out|    2|       m_axi|          gmem|       pointer|
|m_axi_gmem_ARCACHE     |  out|    4|       m_axi|          gmem|       pointer|
|m_axi_gmem_ARPROT      |  out|    3|       m_axi|          gmem|       pointer|
|m_axi_gmem_ARQOS       |  out|    4|       m_axi|          gmem|       pointer|
|m_axi_gmem_ARREGION    |  out|    4|       m_axi|          gmem|       pointer|
|m_axi_gmem_ARUSER      |  out|    1|       m_axi|          gmem|       pointer|
|m_axi_gmem_RVALID      |   in|    1|       m_axi|          gmem|       pointer|
|m_axi_gmem_RREADY      |  out|    1|       m_axi|          gmem|       pointer|
|m_axi_gmem_RDATA       |   in|   32|       m_axi|          gmem|       pointer|
|m_axi_gmem_RLAST       |   in|    1|       m_axi|          gmem|       pointer|
|m_axi_gmem_RID         |   in|    1|       m_axi|          gmem|       pointer|
|m_axi_gmem_RUSER       |   in|    1|       m_axi|          gmem|       pointer|
|m_axi_gmem_RRESP       |   in|    2|       m_axi|          gmem|       pointer|
|m_axi_gmem_BVALID      |   in|    1|       m_axi|          gmem|       pointer|
|m_axi_gmem_BREADY      |  out|    1|       m_axi|          gmem|       pointer|
|m_axi_gmem_BRESP       |   in|    2|       m_axi|          gmem|       pointer|
|m_axi_gmem_BID         |   in|    1|       m_axi|          gmem|       pointer|
|m_axi_gmem_BUSER       |   in|    1|       m_axi|          gmem|       pointer|
+-----------------------+-----+-----+------------+--------------+--------------+

